INFO:root:Clicked successfully
INFO:root:Login successfully
INFO:root:value send to text box
INFO:root:User name entered successfully
INFO:root:Clicked successfully
INFO:root:Navigate to next Login page successfully
INFO:root:value send to text box
INFO:root:Password value entered successfully
INFO:root:Clicked successfully
INFO:root:clicked on login button successfully
INFO:root:C:/Users/archanap/Documents/Practice Team work/Python POC/POC_updated/Images/sct-160x160_160x135.png
INFO:root:element is selected from dropdown
INFO:root:keyboard key is pressed
INFO:root:category selected from drop down
INFO:root:wait for five seconds
INFO:root:wait for five seconds
INFO:root:Element is present
INFO:root:hover on mouse action performed successfully
INFO:root:hover on all product list
INFO:root:wait for five seconds
INFO:root:hover on mouse action performed successfully
INFO:root:hover on kitchen tool list
INFO:root:Element is present
INFO:root:Clicked successfully
INFO:root:sofas as furniture category selected
INFO:root:Clicked successfully
INFO:root:sofa type selected successfully
INFO:root:wait for five seconds
INFO:root:Clicked successfully
INFO:root:Element is clicked on successfully
INFO:root:Clicked successfully
INFO:root:Navigate to Home Page successfully
INFO:root:wait for five seconds
INFO:root:Element is present
INFO:root:wait for five seconds
INFO:root:sign out from website successfully
